Using pre-set license
Built from '2020.3/release' branch; Version is '2020.3.7f1 (dd97f2c94397) revision 14522354'; Using compiler version '192528614'; Build Type 'Release'
OS: 'Windows 10 Pro; OS build 19045.5965; Version 2009; 64bit' Language: 'de' Physical Memory: 16309 MB
BatchMode: 1, IsHumanControllingUs: 0, StartBugReporterOnCrash: 0, Is64bit: 1, IsPro: 0

 COMMAND LINE ARGUMENTS:
C:\Program Files\Unity\Hub\Editor\2020.3.7f1\Editor\Unity.exe
-adb2
-batchMode
-noUpm
-name
AssetImportWorker0
-projectPath
C:/Users/domin/OneDrive/Desktop/Neuer Ordner/unity/SDC Fighter/SDCFIGHT
-logFile
Logs/AssetImportWorker0.log
-srvPort
56638
Successfully changed project path to: C:/Users/domin/OneDrive/Desktop/Neuer Ordner/unity/SDC Fighter/SDCFIGHT
C:/Users/domin/OneDrive/Desktop/Neuer Ordner/unity/SDC Fighter/SDCFIGHT
Using Asset Import Pipeline V2.
Refreshing native plugins compatible for Editor in 58.18 ms, found 1 plugins.
Preloading 0 native plugins for Editor in 0.00 ms.
Initialize engine version: 2020.3.7f1 (dd97f2c94397)
[Subsystems] Discovering subsystems at path C:/Program Files/Unity/Hub/Editor/2020.3.7f1/Editor/Data/Resources/UnitySubsystems
[Subsystems] Discovering subsystems at path C:/Users/domin/OneDrive/Desktop/Neuer Ordner/unity/SDC Fighter/SDCFIGHT/Assets
GfxDevice: creating device client; threaded=0
Direct3D:
    Version:  Direct3D 11.0 [level 11.1]
    Renderer: NVIDIA GeForce RTX 2060 (ID=0x1f08)
    Vendor:   
    VRAM:     5954 MB
    Driver:   32.0.15.7283
Initialize mono
Mono path[0] = 'C:/Program Files/Unity/Hub/Editor/2020.3.7f1/Editor/Data/Managed'
Mono path[1] = 'C:/Program Files/Unity/Hub/Editor/2020.3.7f1/Editor/Data/MonoBleedingEdge/lib/mono/unityjit'
Mono config path = 'C:/Program Files/Unity/Hub/Editor/2020.3.7f1/Editor/Data/MonoBleedingEdge/etc'
Using monoOptions --debugger-agent=transport=dt_socket,embedding=1,server=y,suspend=n,address=127.0.0.1:56440
Begin MonoManager ReloadAssembly
Registering precompiled unity dll's ...
Register platform support module: C:/Program Files/Unity/Hub/Editor/2020.3.7f1/Editor/Data/PlaybackEngines/WindowsStandaloneSupport/UnityEditor.WindowsStandalone.Extensions.dll
Registered in 0.002204 seconds.
Native extension for WindowsStandalone target not found
Refreshing native plugins compatible for Editor in 51.12 ms, found 1 plugins.
Preloading 0 native plugins for Editor in 0.00 ms.
Mono: successfully reloaded assembly
- Completed reload, in  1.043 seconds
Platform modules already initialized, skipping
Registering precompiled user dll's ...
Registered in 0.001118 seconds.
Begin MonoManager ReloadAssembly
Native extension for WindowsStandalone target not found
Refreshing native plugins compatible for Editor in 0.55 ms, found 1 plugins.
Preloading 0 native plugins for Editor in 0.00 ms.
Mono: successfully reloaded assembly
- Completed reload, in  0.777 seconds
Platform modules already initialized, skipping
========================================================================
Worker process is ready to serve import requests
Launched and connected shader compiler UnityShaderCompiler.exe after 0.03 seconds
Refreshing native plugins compatible for Editor in 0.69 ms, found 1 plugins.
Preloading 0 native plugins for Editor in 0.00 ms.
Unloading 1791 Unused Serialized files (Serialized files now loaded: 0)
System memory in use before: 108.5 MB.
System memory in use after: 108.6 MB.

Unloading 19 unused Assets to reduce memory usage. Loaded Objects now: 2258.
Total: 2.010200 ms (FindLiveObjects: 0.302800 ms CreateObjectMapping: 0.068000 ms MarkObjects: 1.551300 ms  DeleteObjects: 0.087300 ms)

========================================================================
Received Import Request.
  path: Assets/Scripts/LevelSuccess.cs
  artifactKey: Guid(8b6f1e0ca94ef3a43a3e0835bf17d31c) Importer(815301076,1909f56bfc062723c751e8b465ee728b)
Start importing Assets/Scripts/LevelSuccess.cs using Guid(8b6f1e0ca94ef3a43a3e0835bf17d31c) Importer(815301076,1909f56bfc062723c751e8b465ee728b)  -> (artifact id: 'e799394178b25ec8c61a8ddc66989b37') in 0.051902 seconds
  Import took 0.054954 seconds .

========================================================================
Received Prepare
Registering precompiled user dll's ...
Registered in 0.001166 seconds.
Begin MonoManager ReloadAssembly
Native extension for WindowsStandalone target not found
Refreshing native plugins compatible for Editor in 0.93 ms, found 1 plugins.
Preloading 0 native plugins for Editor in 0.00 ms.
Mono: successfully reloaded assembly
- Completed reload, in  0.878 seconds
Platform modules already initialized, skipping
Refreshing native plugins compatible for Editor in 0.97 ms, found 1 plugins.
Preloading 0 native plugins for Editor in 0.00 ms.
Unloading 1769 Unused Serialized files (Serialized files now loaded: 0)
System memory in use before: 106.8 MB.
System memory in use after: 106.8 MB.

Unloading 10 unused Assets to reduce memory usage. Loaded Objects now: 2262.
Total: 2.071100 ms (FindLiveObjects: 0.237600 ms CreateObjectMapping: 0.041300 ms MarkObjects: 1.702700 ms  DeleteObjects: 0.087500 ms)

========================================================================
Received Import Request.
  Time since last request: 146.858225 seconds.
  path: Assets/Scripts/BossAttributes.cs
  artifactKey: Guid(b43ae2fbb8ff0024cbc675317cc6baf0) Importer(815301076,1909f56bfc062723c751e8b465ee728b)
Start importing Assets/Scripts/BossAttributes.cs using Guid(b43ae2fbb8ff0024cbc675317cc6baf0) Importer(815301076,1909f56bfc062723c751e8b465ee728b)  -> (artifact id: '739f75fc94128be15e1681c1752b0825') in 0.014126 seconds
  Import took 0.017576 seconds .

========================================================================
Received Prepare
Registering precompiled user dll's ...
Registered in 0.001063 seconds.
Begin MonoManager ReloadAssembly
Native extension for WindowsStandalone target not found
Refreshing native plugins compatible for Editor in 0.54 ms, found 1 plugins.
Preloading 0 native plugins for Editor in 0.00 ms.
Mono: successfully reloaded assembly
- Completed reload, in  0.728 seconds
Platform modules already initialized, skipping
Refreshing native plugins compatible for Editor in 0.90 ms, found 1 plugins.
Preloading 0 native plugins for Editor in 0.00 ms.
Unloading 1769 Unused Serialized files (Serialized files now loaded: 0)
System memory in use before: 106.8 MB.
System memory in use after: 106.8 MB.

Unloading 10 unused Assets to reduce memory usage. Loaded Objects now: 2265.
Total: 2.311600 ms (FindLiveObjects: 0.273600 ms CreateObjectMapping: 0.046300 ms MarkObjects: 1.881300 ms  DeleteObjects: 0.109000 ms)

========================================================================
Received Prepare
Registering precompiled user dll's ...
Registered in 0.001347 seconds.
Begin MonoManager ReloadAssembly
Native extension for WindowsStandalone target not found
Refreshing native plugins compatible for Editor in 0.56 ms, found 1 plugins.
Preloading 0 native plugins for Editor in 0.00 ms.
Mono: successfully reloaded assembly
- Completed reload, in  0.698 seconds
Platform modules already initialized, skipping
Refreshing native plugins compatible for Editor in 0.59 ms, found 1 plugins.
Preloading 0 native plugins for Editor in 0.00 ms.
Unloading 1769 Unused Serialized files (Serialized files now loaded: 0)
System memory in use before: 106.8 MB.
System memory in use after: 106.8 MB.

Unloading 10 unused Assets to reduce memory usage. Loaded Objects now: 2268.
Total: 1.861000 ms (FindLiveObjects: 0.298200 ms CreateObjectMapping: 0.062900 ms MarkObjects: 1.419900 ms  DeleteObjects: 0.078700 ms)

========================================================================
Received Prepare
Registering precompiled user dll's ...
Registered in 0.001149 seconds.
Begin MonoManager ReloadAssembly
Native extension for WindowsStandalone target not found
Refreshing native plugins compatible for Editor in 0.55 ms, found 1 plugins.
Preloading 0 native plugins for Editor in 0.00 ms.
Mono: successfully reloaded assembly
- Completed reload, in  0.705 seconds
Platform modules already initialized, skipping
Refreshing native plugins compatible for Editor in 0.62 ms, found 1 plugins.
Preloading 0 native plugins for Editor in 0.00 ms.
Unloading 1769 Unused Serialized files (Serialized files now loaded: 0)
System memory in use before: 106.8 MB.
System memory in use after: 106.9 MB.

Unloading 10 unused Assets to reduce memory usage. Loaded Objects now: 2271.
Total: 1.855600 ms (FindLiveObjects: 0.194200 ms CreateObjectMapping: 0.046600 ms MarkObjects: 1.525800 ms  DeleteObjects: 0.087900 ms)

========================================================================
Received Prepare
Refreshing native plugins compatible for Editor in 2.37 ms, found 1 plugins.
Preloading 0 native plugins for Editor in 0.00 ms.
Unloading 8 Unused Serialized files (Serialized files now loaded: 0)
System memory in use before: 72.0 MB.
System memory in use after: 72.0 MB.

Unloading 8 unused Assets to reduce memory usage. Loaded Objects now: 2271.
Total: 2.489900 ms (FindLiveObjects: 0.320500 ms CreateObjectMapping: 0.056600 ms MarkObjects: 1.998700 ms  DeleteObjects: 0.112100 ms)

========================================================================
Received Prepare
Registering precompiled user dll's ...
Registered in 0.001183 seconds.
Begin MonoManager ReloadAssembly
Native extension for WindowsStandalone target not found
Refreshing native plugins compatible for Editor in 0.54 ms, found 1 plugins.
Preloading 0 native plugins for Editor in 0.00 ms.
Mono: successfully reloaded assembly
- Completed reload, in  0.702 seconds
Platform modules already initialized, skipping
Refreshing native plugins compatible for Editor in 0.89 ms, found 1 plugins.
Preloading 0 native plugins for Editor in 0.00 ms.
Unloading 1769 Unused Serialized files (Serialized files now loaded: 0)
System memory in use before: 106.8 MB.
System memory in use after: 106.8 MB.

Unloading 10 unused Assets to reduce memory usage. Loaded Objects now: 2274.
Total: 1.988800 ms (FindLiveObjects: 0.272200 ms CreateObjectMapping: 0.042600 ms MarkObjects: 1.587000 ms  DeleteObjects: 0.085800 ms)

========================================================================
Received Prepare
Registering precompiled user dll's ...
Registered in 0.001297 seconds.
Begin MonoManager ReloadAssembly
Native extension for WindowsStandalone target not found
Refreshing native plugins compatible for Editor in 0.57 ms, found 1 plugins.
Preloading 0 native plugins for Editor in 0.00 ms.
Mono: successfully reloaded assembly
- Completed reload, in  0.703 seconds
Platform modules already initialized, skipping
Refreshing native plugins compatible for Editor in 0.92 ms, found 1 plugins.
Preloading 0 native plugins for Editor in 0.00 ms.
Unloading 1769 Unused Serialized files (Serialized files now loaded: 0)
System memory in use before: 106.8 MB.
System memory in use after: 106.8 MB.

Unloading 10 unused Assets to reduce memory usage. Loaded Objects now: 2277.
Total: 2.249600 ms (FindLiveObjects: 0.212400 ms CreateObjectMapping: 0.039900 ms MarkObjects: 1.889900 ms  DeleteObjects: 0.106600 ms)

========================================================================
Received Prepare
Registering precompiled user dll's ...
Registered in 0.001179 seconds.
Begin MonoManager ReloadAssembly
Native extension for WindowsStandalone target not found
Refreshing native plugins compatible for Editor in 0.55 ms, found 1 plugins.
Preloading 0 native plugins for Editor in 0.00 ms.
Mono: successfully reloaded assembly
- Completed reload, in  0.715 seconds
Platform modules already initialized, skipping
Refreshing native plugins compatible for Editor in 0.89 ms, found 1 plugins.
Preloading 0 native plugins for Editor in 0.00 ms.
Unloading 1769 Unused Serialized files (Serialized files now loaded: 0)
System memory in use before: 106.8 MB.
System memory in use after: 106.9 MB.

Unloading 10 unused Assets to reduce memory usage. Loaded Objects now: 2280.
Total: 2.003300 ms (FindLiveObjects: 0.201700 ms CreateObjectMapping: 0.043100 ms MarkObjects: 1.675200 ms  DeleteObjects: 0.082200 ms)

========================================================================
Received Prepare
Registering precompiled user dll's ...
Registered in 0.001160 seconds.
Begin MonoManager ReloadAssembly
Native extension for WindowsStandalone target not found
Refreshing native plugins compatible for Editor in 0.55 ms, found 1 plugins.
Preloading 0 native plugins for Editor in 0.00 ms.
Mono: successfully reloaded assembly
- Completed reload, in  0.689 seconds
Platform modules already initialized, skipping
Refreshing native plugins compatible for Editor in 0.93 ms, found 1 plugins.
Preloading 0 native plugins for Editor in 0.00 ms.
Unloading 1769 Unused Serialized files (Serialized files now loaded: 0)
System memory in use before: 106.8 MB.
System memory in use after: 106.9 MB.

Unloading 10 unused Assets to reduce memory usage. Loaded Objects now: 2283.
Total: 1.859000 ms (FindLiveObjects: 0.219500 ms CreateObjectMapping: 0.044400 ms MarkObjects: 1.511400 ms  DeleteObjects: 0.082900 ms)

========================================================================
Received Prepare
Registering precompiled user dll's ...
Registered in 0.001112 seconds.
Begin MonoManager ReloadAssembly
Native extension for WindowsStandalone target not found
Refreshing native plugins compatible for Editor in 0.53 ms, found 1 plugins.
Preloading 0 native plugins for Editor in 0.00 ms.
Mono: successfully reloaded assembly
- Completed reload, in  0.693 seconds
Platform modules already initialized, skipping
Refreshing native plugins compatible for Editor in 0.63 ms, found 1 plugins.
Preloading 0 native plugins for Editor in 0.00 ms.
Unloading 1769 Unused Serialized files (Serialized files now loaded: 0)
System memory in use before: 106.8 MB.
System memory in use after: 106.9 MB.

Unloading 10 unused Assets to reduce memory usage. Loaded Objects now: 2286.
Total: 1.781600 ms (FindLiveObjects: 0.214700 ms CreateObjectMapping: 0.051800 ms MarkObjects: 1.426700 ms  DeleteObjects: 0.087500 ms)

========================================================================
Received Prepare
Registering precompiled user dll's ...
Registered in 0.001202 seconds.
Begin MonoManager ReloadAssembly
Native extension for WindowsStandalone target not found
Refreshing native plugins compatible for Editor in 0.54 ms, found 1 plugins.
Preloading 0 native plugins for Editor in 0.00 ms.
Mono: successfully reloaded assembly
- Completed reload, in  0.689 seconds
Platform modules already initialized, skipping
Refreshing native plugins compatible for Editor in 0.88 ms, found 1 plugins.
Preloading 0 native plugins for Editor in 0.00 ms.
Unloading 1769 Unused Serialized files (Serialized files now loaded: 0)
System memory in use before: 106.9 MB.
System memory in use after: 106.9 MB.

Unloading 10 unused Assets to reduce memory usage. Loaded Objects now: 2289.
Total: 1.819400 ms (FindLiveObjects: 0.220700 ms CreateObjectMapping: 0.044300 ms MarkObjects: 1.469000 ms  DeleteObjects: 0.083900 ms)

========================================================================
Received Import Request.
  Time since last request: 1274.063829 seconds.
  path: Assets/Cainos/Pixel Art Top Down - Basic/Material/MT Shadow.mat
  artifactKey: Guid(6f3f1f0060a4d6a4980ea3283643fbdd) Importer(815301076,1909f56bfc062723c751e8b465ee728b)
Start importing Assets/Cainos/Pixel Art Top Down - Basic/Material/MT Shadow.mat using Guid(6f3f1f0060a4d6a4980ea3283643fbdd) Importer(815301076,1909f56bfc062723c751e8b465ee728b)  -> (artifact id: 'ab713e3a40c85e92116a5a6cdc2b025b') in 0.087653 seconds
  Import took 0.090678 seconds .

========================================================================
Received Import Request.
  Time since last request: 0.000222 seconds.
  path: Assets/Cainos/Pixel Art Top Down - Basic/Material/MT Tileset.mat
  artifactKey: Guid(57c303a67817e084997480cafcb3ac9f) Importer(815301076,1909f56bfc062723c751e8b465ee728b)
Start importing Assets/Cainos/Pixel Art Top Down - Basic/Material/MT Tileset.mat using Guid(57c303a67817e084997480cafcb3ac9f) Importer(815301076,1909f56bfc062723c751e8b465ee728b)  -> (artifact id: '0f8c71110d171fd62966dbe267a19c6a') in 0.024975 seconds
  Import took 0.027606 seconds .

========================================================================
Received Import Request.
  Time since last request: 3.190615 seconds.
  path: Assets/Cainos/Pixel Art Top Down - Basic/Material/MT FX Rune Glow.mat
  artifactKey: Guid(61b89fe75af132249ba5700ee0334a72) Importer(815301076,1909f56bfc062723c751e8b465ee728b)
Start importing Assets/Cainos/Pixel Art Top Down - Basic/Material/MT FX Rune Glow.mat using Guid(61b89fe75af132249ba5700ee0334a72) Importer(815301076,1909f56bfc062723c751e8b465ee728b)  -> (artifact id: '32866c301fd3f7949a8d30f70455433e') in 0.021380 seconds
  Import took 0.024322 seconds .

========================================================================
Received Import Request.
  Time since last request: 0.000209 seconds.
  path: Assets/Cainos/Pixel Art Top Down - Basic/Material/MT Props.mat
  artifactKey: Guid(a9f84881abde25b48904c0ff67bca145) Importer(815301076,1909f56bfc062723c751e8b465ee728b)
Start importing Assets/Cainos/Pixel Art Top Down - Basic/Material/MT Props.mat using Guid(a9f84881abde25b48904c0ff67bca145) Importer(815301076,1909f56bfc062723c751e8b465ee728b)  -> (artifact id: '87a2dee730c474926d59b6e2ab00d13a') in 0.021155 seconds
  Import took 0.024043 seconds .

========================================================================
Received Import Request.
  Time since last request: 0.000215 seconds.
  path: Assets/Cainos/Pixel Art Top Down - Basic/Material/MT FX Rune Glow.mat
  artifactKey: Guid(61b89fe75af132249ba5700ee0334a72) Importer(815301076,1909f56bfc062723c751e8b465ee728b)
Start importing Assets/Cainos/Pixel Art Top Down - Basic/Material/MT FX Rune Glow.mat using Guid(61b89fe75af132249ba5700ee0334a72) Importer(815301076,1909f56bfc062723c751e8b465ee728b)  -> (artifact id: '32866c301fd3f7949a8d30f70455433e') in 0.006426 seconds
  Import took 0.009055 seconds .

========================================================================
Received Import Request.
  Time since last request: 0.000177 seconds.
  path: Assets/Cainos/Pixel Art Top Down - Basic/Material/MT Props.mat
  artifactKey: Guid(a9f84881abde25b48904c0ff67bca145) Importer(815301076,1909f56bfc062723c751e8b465ee728b)
Start importing Assets/Cainos/Pixel Art Top Down - Basic/Material/MT Props.mat using Guid(a9f84881abde25b48904c0ff67bca145) Importer(815301076,1909f56bfc062723c751e8b465ee728b)  -> (artifact id: '87a2dee730c474926d59b6e2ab00d13a') in 0.006845 seconds
  Import took 0.009455 seconds .

========================================================================
Received Import Request.
  Time since last request: 0.011841 seconds.
  path: Assets/TextMesh Pro/Resources/Fonts & Materials/LiberationSans SDF - Fallback.asset
  artifactKey: Guid(2e498d1c8094910479dc3e1b768306a4) Importer(815301076,1909f56bfc062723c751e8b465ee728b)
Start importing Assets/TextMesh Pro/Resources/Fonts & Materials/LiberationSans SDF - Fallback.asset using Guid(2e498d1c8094910479dc3e1b768306a4) Importer(815301076,1909f56bfc062723c751e8b465ee728b)  -> (artifact id: '455c15c6557c5aa1e5ebb4cfb7efd87e') in 0.051640 seconds
  Import took 0.054603 seconds .

========================================================================
Received Prepare
Registering precompiled user dll's ...
Registered in 0.001501 seconds.
Begin MonoManager ReloadAssembly
Native extension for WindowsStandalone target not found
Refreshing native plugins compatible for Editor in 0.86 ms, found 1 plugins.
Preloading 0 native plugins for Editor in 0.00 ms.
Mono: successfully reloaded assembly
- Completed reload, in  0.810 seconds
Platform modules already initialized, skipping
Refreshing native plugins compatible for Editor in 1.04 ms, found 1 plugins.
Preloading 0 native plugins for Editor in 0.00 ms.
Unloading 1769 Unused Serialized files (Serialized files now loaded: 0)
System memory in use before: 110.4 MB.
System memory in use after: 110.4 MB.

Unloading 10 unused Assets to reduce memory usage. Loaded Objects now: 2335.
Total: 2.710200 ms (FindLiveObjects: 0.418500 ms CreateObjectMapping: 0.061800 ms MarkObjects: 2.138300 ms  DeleteObjects: 0.090600 ms)

========================================================================
Received Import Request.
  Time since last request: 297.132849 seconds.
  path: Assets/AttackSpeedBuff.prefab
  artifactKey: Guid(ade59a37a01dc524ba68aefbb7089fc8) Importer(815301076,1909f56bfc062723c751e8b465ee728b)
Start importing Assets/AttackSpeedBuff.prefab using Guid(ade59a37a01dc524ba68aefbb7089fc8) Importer(815301076,1909f56bfc062723c751e8b465ee728b)  -> (artifact id: '1f8f9ecdbdd174f16e7ea2c432a7fd75') in 0.055924 seconds
  Import took 0.059473 seconds .

========================================================================
Received Import Request.
  Time since last request: 0.000189 seconds.
  path: Assets/HealPot.prefab
  artifactKey: Guid(639bf65dd32813d478e41b95ab278118) Importer(815301076,1909f56bfc062723c751e8b465ee728b)
Start importing Assets/HealPot.prefab using Guid(639bf65dd32813d478e41b95ab278118) Importer(815301076,1909f56bfc062723c751e8b465ee728b)  -> (artifact id: '62bed4b6ff62f481c4a0d4e7874d796a') in 0.014658 seconds
  Import took 0.017355 seconds .

========================================================================
Received Import Request.
  Time since last request: 118.716893 seconds.
  path: Assets/Tazo_2D/Icon/F_ultimate_water.png
  artifactKey: Guid(45e3a00ab9f75da478f7138e952a1e9d) Importer(815301076,1909f56bfc062723c751e8b465ee728b)
Start importing Assets/Tazo_2D/Icon/F_ultimate_water.png using Guid(45e3a00ab9f75da478f7138e952a1e9d) Importer(815301076,1909f56bfc062723c751e8b465ee728b)  -> (artifact id: 'a6a244fc3c610aa4b8bbe5a45ba56ccd') in 0.074697 seconds
  Import took 0.077718 seconds .

========================================================================
Received Import Request.
  Time since last request: 0.000227 seconds.
  path: Assets/Tazo_2D/Icon/fireball 1.png
  artifactKey: Guid(93ebfb715bc09764787347e88a6b69b7) Importer(815301076,1909f56bfc062723c751e8b465ee728b)
Start importing Assets/Tazo_2D/Icon/fireball 1.png using Guid(93ebfb715bc09764787347e88a6b69b7) Importer(815301076,1909f56bfc062723c751e8b465ee728b)  -> (artifact id: '83a39135aee41fa0191434b0b95c1225') in 0.021546 seconds
  Import took 0.024372 seconds .

========================================================================
Received Import Request.
  Time since last request: 0.000218 seconds.
  path: Assets/Tazo_2D/Icon/fireball 2.png
  artifactKey: Guid(0dae5b2832f758946b0c9d8f4c9ec323) Importer(815301076,1909f56bfc062723c751e8b465ee728b)
Start importing Assets/Tazo_2D/Icon/fireball 2.png using Guid(0dae5b2832f758946b0c9d8f4c9ec323) Importer(815301076,1909f56bfc062723c751e8b465ee728b)  -> (artifact id: '3724a9bc4f51e32b42aa598f24a0a608') in 0.013964 seconds
  Import took 0.016928 seconds .

========================================================================
Received Import Request.
  Time since last request: 0.000229 seconds.
  path: Assets/Tazo_2D/Icon/F_wind_shine.png
  artifactKey: Guid(ff900e5154750e843b4542bf34dc5ebd) Importer(815301076,1909f56bfc062723c751e8b465ee728b)
Start importing Assets/Tazo_2D/Icon/F_wind_shine.png using Guid(ff900e5154750e843b4542bf34dc5ebd) Importer(815301076,1909f56bfc062723c751e8b465ee728b)  -> (artifact id: 'f27e7d2b5c244f4b3f1c608dbae668f9') in 0.020567 seconds
  Import took 0.023512 seconds .

========================================================================
Received Import Request.
  Time since last request: 0.000222 seconds.
  path: Assets/Tazo_2D/Icon/fireball.png
  artifactKey: Guid(db47c05b3b159c24992d3dedca88d137) Importer(815301076,1909f56bfc062723c751e8b465ee728b)
Start importing Assets/Tazo_2D/Icon/fireball.png using Guid(db47c05b3b159c24992d3dedca88d137) Importer(815301076,1909f56bfc062723c751e8b465ee728b)  -> (artifact id: 'e79d4a99eb09b3ca57fdefe020dc28d1') in 0.021767 seconds
  Import took 0.024445 seconds .

========================================================================
Received Import Request.
  Time since last request: 6.753151 seconds.
  path: Assets/Tazo_2D/Icon/F_purple_arrow.png
  artifactKey: Guid(7448da602f08b3e4f99e2a88b6af60ac) Importer(815301076,1909f56bfc062723c751e8b465ee728b)
Start importing Assets/Tazo_2D/Icon/F_purple_arrow.png using Guid(7448da602f08b3e4f99e2a88b6af60ac) Importer(815301076,1909f56bfc062723c751e8b465ee728b)  -> (artifact id: 'f40e1af8334dac71d053aa1b092bda59') in 0.020370 seconds
  Import took 0.023317 seconds .

========================================================================
Received Import Request.
  Time since last request: 0.000214 seconds.
  path: Assets/Tazo_2D/Icon/F_Rune_phenix.png
  artifactKey: Guid(a5d9d7fef5fd2194ea14ff1561195c64) Importer(815301076,1909f56bfc062723c751e8b465ee728b)
Start importing Assets/Tazo_2D/Icon/F_Rune_phenix.png using Guid(a5d9d7fef5fd2194ea14ff1561195c64) Importer(815301076,1909f56bfc062723c751e8b465ee728b)  -> (artifact id: '7c977be29b366c2cb4a3d5c5f66d902a') in 0.019565 seconds
  Import took 0.022590 seconds .

========================================================================
Received Import Request.
  Time since last request: 0.033185 seconds.
  path: Assets/Tazo_2D/Icon/F_little_Thunder.png
  artifactKey: Guid(dbc021c87f35c8d45bf98ac669d91952) Importer(815301076,1909f56bfc062723c751e8b465ee728b)
Start importing Assets/Tazo_2D/Icon/F_little_Thunder.png using Guid(dbc021c87f35c8d45bf98ac669d91952) Importer(815301076,1909f56bfc062723c751e8b465ee728b)  -> (artifact id: '310fbca28e315dce4785086bf4a70487') in 0.019753 seconds
  Import took 0.022569 seconds .

========================================================================
Received Import Request.
  Time since last request: 0.000238 seconds.
  path: Assets/Tazo_2D/Icon/F_mud.png
  artifactKey: Guid(dddd28861ad20da48b7db4ceb0ed287c) Importer(815301076,1909f56bfc062723c751e8b465ee728b)
Start importing Assets/Tazo_2D/Icon/F_mud.png using Guid(dddd28861ad20da48b7db4ceb0ed287c) Importer(815301076,1909f56bfc062723c751e8b465ee728b)  -> (artifact id: '2bf0eea5b7ea1994ca0a5e8484429b8a') in 0.020741 seconds
  Import took 0.023881 seconds .

========================================================================
Received Import Request.
  Time since last request: 139.269200 seconds.
  path: Packages/com.unity.2d.animation/Editor/Assets/SkinningModule/Icons/Light/Generate_Geometry.png
  artifactKey: Guid(cbef2434b36ff174a98995b13ef80390) Importer(815301076,1909f56bfc062723c751e8b465ee728b)
Start importing Packages/com.unity.2d.animation/Editor/Assets/SkinningModule/Icons/Light/Generate_Geometry.png using Guid(cbef2434b36ff174a98995b13ef80390) Importer(815301076,1909f56bfc062723c751e8b465ee728b)  -> (artifact id: 'b51d7c2ae92618b4445bd9407834a7ee') in 0.021516 seconds
  Import took 0.024612 seconds .

========================================================================
Received Import Request.
  Time since last request: 0.000231 seconds.
  path: Packages/com.unity.2d.animation/Editor/Assets/SkinningModule/Icons/Selected/Generate_Geometry.png
  artifactKey: Guid(41842964c48860f46b45e7b3d5986e07) Importer(815301076,1909f56bfc062723c751e8b465ee728b)
Start importing Packages/com.unity.2d.animation/Editor/Assets/SkinningModule/Icons/Selected/Generate_Geometry.png using Guid(41842964c48860f46b45e7b3d5986e07) Importer(815301076,1909f56bfc062723c751e8b465ee728b)  -> (artifact id: 'a7002a9e31a767926678b67693e0af50') in 0.017735 seconds
  Import took 0.020726 seconds .

========================================================================
Received Import Request.
  Time since last request: 2.911425 seconds.
  path: Packages/com.unity.2d.animation/Editor/Assets/SkinningModule/Icons/Light/Generate_Geometry@2x.png
  artifactKey: Guid(ae5924760c9fbf54d89df9f13435887e) Importer(815301076,1909f56bfc062723c751e8b465ee728b)
Start importing Packages/com.unity.2d.animation/Editor/Assets/SkinningModule/Icons/Light/Generate_Geometry@2x.png using Guid(ae5924760c9fbf54d89df9f13435887e) Importer(815301076,1909f56bfc062723c751e8b465ee728b)  -> (artifact id: 'c256cea558fe4b02f9ab51a753685fe2') in 0.020011 seconds
  Import took 0.022908 seconds .

========================================================================
Received Import Request.
  Time since last request: 0.000189 seconds.
  path: Packages/com.unity.2d.animation/Editor/Assets/SkinningModule/Icons/Selected/Generate_Geometry@2x.png
  artifactKey: Guid(114d4aa7bb14433489b942bb28ff6183) Importer(815301076,1909f56bfc062723c751e8b465ee728b)
Start importing Packages/com.unity.2d.animation/Editor/Assets/SkinningModule/Icons/Selected/Generate_Geometry@2x.png using Guid(114d4aa7bb14433489b942bb28ff6183) Importer(815301076,1909f56bfc062723c751e8b465ee728b)  -> (artifact id: 'fab79c03c0a1ce1a811def44ff28ee4a') in 0.017281 seconds
  Import took 0.020140 seconds .

========================================================================
Received Import Request.
  Time since last request: 0.289754 seconds.
  path: Packages/com.unity.2d.animation/Editor/Assets/SkinningModule/Icons/Selected/Generate_Geometry@3x.png
  artifactKey: Guid(a581ff3810b2e0a4690cddcf7634ed22) Importer(815301076,1909f56bfc062723c751e8b465ee728b)
Start importing Packages/com.unity.2d.animation/Editor/Assets/SkinningModule/Icons/Selected/Generate_Geometry@3x.png using Guid(a581ff3810b2e0a4690cddcf7634ed22) Importer(815301076,1909f56bfc062723c751e8b465ee728b)  -> (artifact id: '9370cb506a41b7f9419e5ef0a45d5be4') in 0.021144 seconds
  Import took 0.024046 seconds .

========================================================================
Received Import Request.
  Time since last request: 0.000189 seconds.
  path: Packages/com.unity.2d.animation/Editor/Assets/SkinningModule/Icons/Light/Generate_Geometry@3x.png
  artifactKey: Guid(902d611ab43afe940bd891d4a3a480f3) Importer(815301076,1909f56bfc062723c751e8b465ee728b)
Start importing Packages/com.unity.2d.animation/Editor/Assets/SkinningModule/Icons/Light/Generate_Geometry@3x.png using Guid(902d611ab43afe940bd891d4a3a480f3) Importer(815301076,1909f56bfc062723c751e8b465ee728b)  -> (artifact id: '4df2f41d623cc872ada00996999fd8a0') in 0.017580 seconds
  Import took 0.020450 seconds .

========================================================================
Received Import Request.
  Time since last request: 0.247416 seconds.
  path: Packages/com.unity.2d.animation/Editor/Assets/SkinningModule/Icons/Light/Generate_Geometry@4x.png
  artifactKey: Guid(a4c77cea19fd0f84581d6e437a86290c) Importer(815301076,1909f56bfc062723c751e8b465ee728b)
Start importing Packages/com.unity.2d.animation/Editor/Assets/SkinningModule/Icons/Light/Generate_Geometry@4x.png using Guid(a4c77cea19fd0f84581d6e437a86290c) Importer(815301076,1909f56bfc062723c751e8b465ee728b)  -> (artifact id: '3000a6813c68e705f964b3aecdc60bcd') in 0.020108 seconds
  Import took 0.023698 seconds .

========================================================================
Received Import Request.
  Time since last request: 0.000189 seconds.
  path: Packages/com.unity.2d.animation/Editor/Assets/SkinningModule/Icons/Selected/Generate_Geometry@4x.png
  artifactKey: Guid(7b0bba6a9b6960a4fb500a75d4a4caa0) Importer(815301076,1909f56bfc062723c751e8b465ee728b)
Start importing Packages/com.unity.2d.animation/Editor/Assets/SkinningModule/Icons/Selected/Generate_Geometry@4x.png using Guid(7b0bba6a9b6960a4fb500a75d4a4caa0) Importer(815301076,1909f56bfc062723c751e8b465ee728b)  -> (artifact id: 'a1bfa738f1ef295a7e4f812f61f9dffe') in 0.018845 seconds
  Import took 0.021697 seconds .

========================================================================
Received Import Request.
  Time since last request: 0.000201 seconds.
  path: Packages/com.unity.2d.animation/Editor/Assets/SkinningModule/Icons/Light/Generate_Weights.png
  artifactKey: Guid(007c4dbed3f8be9429c39de72ee3c2d7) Importer(815301076,1909f56bfc062723c751e8b465ee728b)
Start importing Packages/com.unity.2d.animation/Editor/Assets/SkinningModule/Icons/Light/Generate_Weights.png using Guid(007c4dbed3f8be9429c39de72ee3c2d7) Importer(815301076,1909f56bfc062723c751e8b465ee728b)  -> (artifact id: '396cd7f12de64c6cfc2143b8f4286409') in 0.019703 seconds
  Import took 0.022728 seconds .

========================================================================
Received Import Request.
  Time since last request: 0.000296 seconds.
  path: Packages/com.unity.2d.animation/Editor/Assets/SkinningModule/Icons/Selected/Generate_Weights.png
  artifactKey: Guid(2892d6ec6ca2a1f45adbd52fdb96fcfe) Importer(815301076,1909f56bfc062723c751e8b465ee728b)
Start importing Packages/com.unity.2d.animation/Editor/Assets/SkinningModule/Icons/Selected/Generate_Weights.png using Guid(2892d6ec6ca2a1f45adbd52fdb96fcfe) Importer(815301076,1909f56bfc062723c751e8b465ee728b)  -> (artifact id: '0794a4b64fa3c9475abda43176475288') in 0.018762 seconds
  Import took 0.021766 seconds .

========================================================================
Received Prepare
Registering precompiled user dll's ...
Registered in 0.001061 seconds.
Begin MonoManager ReloadAssembly
Native extension for WindowsStandalone target not found
Refreshing native plugins compatible for Editor in 0.45 ms, found 1 plugins.
Preloading 0 native plugins for Editor in 0.00 ms.
Mono: successfully reloaded assembly
- Completed reload, in  0.696 seconds
Platform modules already initialized, skipping
Refreshing native plugins compatible for Editor in 0.95 ms, found 1 plugins.
Preloading 0 native plugins for Editor in 0.00 ms.
Unloading 1769 Unused Serialized files (Serialized files now loaded: 0)
System memory in use before: 110.6 MB.
System memory in use after: 110.6 MB.

Unloading 10 unused Assets to reduce memory usage. Loaded Objects now: 2350.
Total: 2.426300 ms (FindLiveObjects: 0.315800 ms CreateObjectMapping: 0.057400 ms MarkObjects: 1.929000 ms  DeleteObjects: 0.122700 ms)

========================================================================
Received Prepare
Registering precompiled user dll's ...
Registered in 0.001037 seconds.
Begin MonoManager ReloadAssembly
Native extension for WindowsStandalone target not found
Refreshing native plugins compatible for Editor in 0.58 ms, found 1 plugins.
Preloading 0 native plugins for Editor in 0.00 ms.
Mono: successfully reloaded assembly
- Completed reload, in  0.706 seconds
Platform modules already initialized, skipping
Refreshing native plugins compatible for Editor in 0.67 ms, found 1 plugins.
Preloading 0 native plugins for Editor in 0.00 ms.
Unloading 1769 Unused Serialized files (Serialized files now loaded: 0)
System memory in use before: 110.6 MB.
System memory in use after: 110.6 MB.

Unloading 10 unused Assets to reduce memory usage. Loaded Objects now: 2353.
Total: 2.741300 ms (FindLiveObjects: 0.306000 ms CreateObjectMapping: 0.054200 ms MarkObjects: 2.234900 ms  DeleteObjects: 0.144600 ms)

========================================================================
Received Import Request.
  Time since last request: 105.599441 seconds.
  path: Assets/Graphics/Monsters Creatures Fantasy/Sprites/Flying eye/Death.anim
  artifactKey: Guid(dbb419849f7f006449e51840f0eb42dd) Importer(815301076,1909f56bfc062723c751e8b465ee728b)
Start importing Assets/Graphics/Monsters Creatures Fantasy/Sprites/Flying eye/Death.anim using Guid(dbb419849f7f006449e51840f0eb42dd) Importer(815301076,1909f56bfc062723c751e8b465ee728b)  -> (artifact id: '6ef951f20a06cebcebfb4777f9012513') in 0.019908 seconds
  Import took 0.023230 seconds .

========================================================================
Received Import Request.
  Time since last request: 0.000862 seconds.
  path: Assets/Graphics/Monsters Creatures Fantasy/Sprites/Flying eye/Death.anim
  artifactKey: Guid(dbb419849f7f006449e51840f0eb42dd) Importer(815301076,1909f56bfc062723c751e8b465ee728b)
Start importing Assets/Graphics/Monsters Creatures Fantasy/Sprites/Flying eye/Death.anim using Guid(dbb419849f7f006449e51840f0eb42dd) Importer(815301076,1909f56bfc062723c751e8b465ee728b)  -> (artifact id: '6ef951f20a06cebcebfb4777f9012513') in 0.009692 seconds
  Import took 0.012245 seconds .

========================================================================
Received Prepare
Registering precompiled user dll's ...
Registered in 0.001445 seconds.
Begin MonoManager ReloadAssembly
Native extension for WindowsStandalone target not found
Refreshing native plugins compatible for Editor in 0.55 ms, found 1 plugins.
Preloading 0 native plugins for Editor in 0.00 ms.
Mono: successfully reloaded assembly
- Completed reload, in  0.696 seconds
Platform modules already initialized, skipping
Refreshing native plugins compatible for Editor in 0.65 ms, found 1 plugins.
Preloading 0 native plugins for Editor in 0.00 ms.
Unloading 1769 Unused Serialized files (Serialized files now loaded: 0)
System memory in use before: 110.6 MB.
System memory in use after: 110.6 MB.

Unloading 10 unused Assets to reduce memory usage. Loaded Objects now: 2356.
Total: 2.199200 ms (FindLiveObjects: 0.353300 ms CreateObjectMapping: 0.054500 ms MarkObjects: 1.674600 ms  DeleteObjects: 0.115300 ms)

========================================================================
Received Import Request.
  Time since last request: 161.220590 seconds.
  path: Assets/Graphics/Monsters Creatures Fantasy/Sprites/Flying eye/SpriteEnemy 1.controller
  artifactKey: Guid(f0b1f126ec1b04b43bfbdb86bbca23ad) Importer(815301076,1909f56bfc062723c751e8b465ee728b)
Start importing Assets/Graphics/Monsters Creatures Fantasy/Sprites/Flying eye/SpriteEnemy 1.controller using Guid(f0b1f126ec1b04b43bfbdb86bbca23ad) Importer(815301076,1909f56bfc062723c751e8b465ee728b)  -> (artifact id: '616d8f5396be54874cfb4afe5581a018') in 0.020764 seconds
  Import took 0.023913 seconds .

========================================================================
Received Prepare
Registering precompiled user dll's ...
Registered in 0.001213 seconds.
Begin MonoManager ReloadAssembly
Native extension for WindowsStandalone target not found
Refreshing native plugins compatible for Editor in 0.55 ms, found 1 plugins.
Preloading 0 native plugins for Editor in 0.00 ms.
Mono: successfully reloaded assembly
- Completed reload, in  0.693 seconds
Platform modules already initialized, skipping
Refreshing native plugins compatible for Editor in 1.00 ms, found 1 plugins.
Preloading 0 native plugins for Editor in 0.00 ms.
Unloading 1769 Unused Serialized files (Serialized files now loaded: 0)
System memory in use before: 110.6 MB.
System memory in use after: 110.6 MB.

Unloading 10 unused Assets to reduce memory usage. Loaded Objects now: 2359.
Total: 2.103700 ms (FindLiveObjects: 0.410600 ms CreateObjectMapping: 0.055700 ms MarkObjects: 1.541700 ms  DeleteObjects: 0.094200 ms)

========================================================================
Received Prepare
Registering precompiled user dll's ...
Registered in 0.001211 seconds.
Begin MonoManager ReloadAssembly
Native extension for WindowsStandalone target not found
Refreshing native plugins compatible for Editor in 0.55 ms, found 1 plugins.
Preloading 0 native plugins for Editor in 0.00 ms.
Mono: successfully reloaded assembly
- Completed reload, in  0.703 seconds
Platform modules already initialized, skipping
Refreshing native plugins compatible for Editor in 0.97 ms, found 1 plugins.
Preloading 0 native plugins for Editor in 0.00 ms.
Unloading 1769 Unused Serialized files (Serialized files now loaded: 0)
System memory in use before: 110.6 MB.
System memory in use after: 110.6 MB.

Unloading 10 unused Assets to reduce memory usage. Loaded Objects now: 2362.
Total: 3.028900 ms (FindLiveObjects: 0.441900 ms CreateObjectMapping: 0.059200 ms MarkObjects: 2.374000 ms  DeleteObjects: 0.152600 ms)

========================================================================
Received Prepare
Registering precompiled user dll's ...
Registered in 0.001083 seconds.
Begin MonoManager ReloadAssembly
Native extension for WindowsStandalone target not found
Refreshing native plugins compatible for Editor in 0.48 ms, found 1 plugins.
Preloading 0 native plugins for Editor in 0.00 ms.
Mono: successfully reloaded assembly
- Completed reload, in  0.701 seconds
Platform modules already initialized, skipping
Refreshing native plugins compatible for Editor in 0.97 ms, found 1 plugins.
Preloading 0 native plugins for Editor in 0.00 ms.
Unloading 1769 Unused Serialized files (Serialized files now loaded: 0)
System memory in use before: 110.6 MB.
System memory in use after: 110.6 MB.

Unloading 10 unused Assets to reduce memory usage. Loaded Objects now: 2365.
Total: 1.938300 ms (FindLiveObjects: 0.280400 ms CreateObjectMapping: 0.043800 ms MarkObjects: 1.516400 ms  DeleteObjects: 0.096500 ms)

========================================================================
Received Prepare
Registering precompiled user dll's ...
Registered in 0.001227 seconds.
Begin MonoManager ReloadAssembly
Native extension for WindowsStandalone target not found
Refreshing native plugins compatible for Editor in 0.58 ms, found 1 plugins.
Preloading 0 native plugins for Editor in 0.00 ms.
Mono: successfully reloaded assembly
- Completed reload, in  0.704 seconds
Platform modules already initialized, skipping
Refreshing native plugins compatible for Editor in 0.99 ms, found 1 plugins.
Preloading 0 native plugins for Editor in 0.00 ms.
Unloading 1769 Unused Serialized files (Serialized files now loaded: 0)
System memory in use before: 110.6 MB.
System memory in use after: 110.6 MB.

Unloading 10 unused Assets to reduce memory usage. Loaded Objects now: 2368.
Total: 2.896300 ms (FindLiveObjects: 0.363900 ms CreateObjectMapping: 0.056700 ms MarkObjects: 2.341400 ms  DeleteObjects: 0.132500 ms)

========================================================================
Received Prepare
Registering precompiled user dll's ...
Registered in 0.001294 seconds.
Begin MonoManager ReloadAssembly
Native extension for WindowsStandalone target not found
Refreshing native plugins compatible for Editor in 0.66 ms, found 1 plugins.
Preloading 0 native plugins for Editor in 0.00 ms.
Mono: successfully reloaded assembly
- Completed reload, in  0.711 seconds
Platform modules already initialized, skipping
Refreshing native plugins compatible for Editor in 0.98 ms, found 1 plugins.
Preloading 0 native plugins for Editor in 0.00 ms.
Unloading 1769 Unused Serialized files (Serialized files now loaded: 0)
System memory in use before: 110.6 MB.
System memory in use after: 110.6 MB.

Unloading 10 unused Assets to reduce memory usage. Loaded Objects now: 2371.
Total: 2.350900 ms (FindLiveObjects: 0.453800 ms CreateObjectMapping: 0.054900 ms MarkObjects: 1.715000 ms  DeleteObjects: 0.124700 ms)

========================================================================
Received Prepare
Registering precompiled user dll's ...
Registered in 0.001447 seconds.
Begin MonoManager ReloadAssembly
Native extension for WindowsStandalone target not found
Refreshing native plugins compatible for Editor in 0.59 ms, found 1 plugins.
Preloading 0 native plugins for Editor in 0.00 ms.
Mono: successfully reloaded assembly
- Completed reload, in  0.711 seconds
Platform modules already initialized, skipping
Refreshing native plugins compatible for Editor in 1.02 ms, found 1 plugins.
Preloading 0 native plugins for Editor in 0.00 ms.
Unloading 1769 Unused Serialized files (Serialized files now loaded: 0)
System memory in use before: 110.6 MB.
System memory in use after: 110.7 MB.

Unloading 10 unused Assets to reduce memory usage. Loaded Objects now: 2374.
Total: 11.566000 ms (FindLiveObjects: 0.327800 ms CreateObjectMapping: 0.054400 ms MarkObjects: 11.034100 ms  DeleteObjects: 0.148000 ms)

========================================================================
Received Prepare
Registering precompiled user dll's ...
Registered in 0.001285 seconds.
Begin MonoManager ReloadAssembly
Native extension for WindowsStandalone target not found
Refreshing native plugins compatible for Editor in 0.56 ms, found 1 plugins.
Preloading 0 native plugins for Editor in 0.00 ms.
Mono: successfully reloaded assembly
- Completed reload, in  0.709 seconds
Platform modules already initialized, skipping
Refreshing native plugins compatible for Editor in 0.90 ms, found 1 plugins.
Preloading 0 native plugins for Editor in 0.00 ms.
Unloading 1769 Unused Serialized files (Serialized files now loaded: 0)
System memory in use before: 110.6 MB.
System memory in use after: 110.7 MB.

Unloading 10 unused Assets to reduce memory usage. Loaded Objects now: 2377.
Total: 2.332600 ms (FindLiveObjects: 0.338900 ms CreateObjectMapping: 0.060300 ms MarkObjects: 1.825500 ms  DeleteObjects: 0.106500 ms)

========================================================================
Received Prepare
Registering precompiled user dll's ...
Registered in 0.001205 seconds.
Begin MonoManager ReloadAssembly
Native extension for WindowsStandalone target not found
Refreshing native plugins compatible for Editor in 0.56 ms, found 1 plugins.
Preloading 0 native plugins for Editor in 0.00 ms.
Mono: successfully reloaded assembly
- Completed reload, in  0.707 seconds
Platform modules already initialized, skipping
Refreshing native plugins compatible for Editor in 1.07 ms, found 1 plugins.
Preloading 0 native plugins for Editor in 0.00 ms.
Unloading 1769 Unused Serialized files (Serialized files now loaded: 0)
System memory in use before: 110.6 MB.
System memory in use after: 110.7 MB.

Unloading 10 unused Assets to reduce memory usage. Loaded Objects now: 2380.
Total: 8.225000 ms (FindLiveObjects: 0.349300 ms CreateObjectMapping: 0.058100 ms MarkObjects: 7.650600 ms  DeleteObjects: 0.165800 ms)

========================================================================
Received Prepare
Registering precompiled user dll's ...
Registered in 0.001208 seconds.
Begin MonoManager ReloadAssembly
Native extension for WindowsStandalone target not found
Refreshing native plugins compatible for Editor in 0.61 ms, found 1 plugins.
Preloading 0 native plugins for Editor in 0.00 ms.
Mono: successfully reloaded assembly
- Completed reload, in  0.711 seconds
Platform modules already initialized, skipping
Refreshing native plugins compatible for Editor in 1.23 ms, found 1 plugins.
Preloading 0 native plugins for Editor in 0.00 ms.
Unloading 1769 Unused Serialized files (Serialized files now loaded: 0)
System memory in use before: 110.7 MB.
System memory in use after: 110.7 MB.

Unloading 10 unused Assets to reduce memory usage. Loaded Objects now: 2383.
Total: 2.222000 ms (FindLiveObjects: 0.409500 ms CreateObjectMapping: 0.066500 ms MarkObjects: 1.610800 ms  DeleteObjects: 0.133800 ms)

========================================================================
Received Prepare
Registering precompiled user dll's ...
Registered in 0.001429 seconds.
Begin MonoManager ReloadAssembly
Native extension for WindowsStandalone target not found
Refreshing native plugins compatible for Editor in 0.55 ms, found 1 plugins.
Preloading 0 native plugins for Editor in 0.00 ms.
Mono: successfully reloaded assembly
- Completed reload, in  0.696 seconds
Platform modules already initialized, skipping
Refreshing native plugins compatible for Editor in 0.98 ms, found 1 plugins.
Preloading 0 native plugins for Editor in 0.00 ms.
Unloading 1769 Unused Serialized files (Serialized files now loaded: 0)
System memory in use before: 110.7 MB.
System memory in use after: 110.7 MB.

Unloading 10 unused Assets to reduce memory usage. Loaded Objects now: 2386.
Total: 2.881200 ms (FindLiveObjects: 0.432100 ms CreateObjectMapping: 0.059600 ms MarkObjects: 2.273200 ms  DeleteObjects: 0.115000 ms)

========================================================================
Received Prepare
Registering precompiled user dll's ...
Registered in 0.001222 seconds.
Begin MonoManager ReloadAssembly
Native extension for WindowsStandalone target not found
Refreshing native plugins compatible for Editor in 0.55 ms, found 1 plugins.
Preloading 0 native plugins for Editor in 0.00 ms.
Mono: successfully reloaded assembly
- Completed reload, in  0.708 seconds
Platform modules already initialized, skipping
Refreshing native plugins compatible for Editor in 0.62 ms, found 1 plugins.
Preloading 0 native plugins for Editor in 0.00 ms.
Unloading 1769 Unused Serialized files (Serialized files now loaded: 0)
System memory in use before: 110.7 MB.
System memory in use after: 110.7 MB.

Unloading 10 unused Assets to reduce memory usage. Loaded Objects now: 2389.
Total: 2.258900 ms (FindLiveObjects: 0.363300 ms CreateObjectMapping: 0.056400 ms MarkObjects: 1.713900 ms  DeleteObjects: 0.123800 ms)

========================================================================
Received Prepare
Registering precompiled user dll's ...
Registered in 0.001215 seconds.
Begin MonoManager ReloadAssembly
Native extension for WindowsStandalone target not found
Refreshing native plugins compatible for Editor in 0.69 ms, found 1 plugins.
Preloading 0 native plugins for Editor in 0.00 ms.
Mono: successfully reloaded assembly
- Completed reload, in  0.701 seconds
Platform modules already initialized, skipping
Refreshing native plugins compatible for Editor in 0.61 ms, found 1 plugins.
Preloading 0 native plugins for Editor in 0.00 ms.
Unloading 1769 Unused Serialized files (Serialized files now loaded: 0)
System memory in use before: 110.7 MB.
System memory in use after: 110.7 MB.

Unloading 10 unused Assets to reduce memory usage. Loaded Objects now: 2392.
Total: 2.701300 ms (FindLiveObjects: 0.337500 ms CreateObjectMapping: 0.066400 ms MarkObjects: 2.155100 ms  DeleteObjects: 0.140900 ms)

========================================================================
Received Prepare
Registering precompiled user dll's ...
Registered in 0.001233 seconds.
Begin MonoManager ReloadAssembly
Native extension for WindowsStandalone target not found
Refreshing native plugins compatible for Editor in 0.56 ms, found 1 plugins.
Preloading 0 native plugins for Editor in 0.00 ms.
Mono: successfully reloaded assembly
- Completed reload, in  0.711 seconds
Platform modules already initialized, skipping
Refreshing native plugins compatible for Editor in 1.03 ms, found 1 plugins.
Preloading 0 native plugins for Editor in 0.00 ms.
Unloading 1769 Unused Serialized files (Serialized files now loaded: 0)
System memory in use before: 110.7 MB.
System memory in use after: 110.7 MB.

Unloading 10 unused Assets to reduce memory usage. Loaded Objects now: 2395.
Total: 2.338200 ms (FindLiveObjects: 0.361600 ms CreateObjectMapping: 0.060500 ms MarkObjects: 1.805300 ms  DeleteObjects: 0.109500 ms)

========================================================================
Received Prepare
Registering precompiled user dll's ...
Registered in 0.001262 seconds.
Begin MonoManager ReloadAssembly
Native extension for WindowsStandalone target not found
Refreshing native plugins compatible for Editor in 0.55 ms, found 1 plugins.
Preloading 0 native plugins for Editor in 0.00 ms.
Mono: successfully reloaded assembly
- Completed reload, in  0.702 seconds
Platform modules already initialized, skipping
Refreshing native plugins compatible for Editor in 1.80 ms, found 1 plugins.
Preloading 0 native plugins for Editor in 0.00 ms.
Unloading 1769 Unused Serialized files (Serialized files now loaded: 0)
System memory in use before: 110.7 MB.
System memory in use after: 110.7 MB.

Unloading 10 unused Assets to reduce memory usage. Loaded Objects now: 2398.
Total: 2.862200 ms (FindLiveObjects: 0.366200 ms CreateObjectMapping: 0.055000 ms MarkObjects: 2.298300 ms  DeleteObjects: 0.141300 ms)

========================================================================
Received Prepare
Registering precompiled user dll's ...
Registered in 0.001359 seconds.
Begin MonoManager ReloadAssembly
Native extension for WindowsStandalone target not found
Refreshing native plugins compatible for Editor in 0.66 ms, found 1 plugins.
Preloading 0 native plugins for Editor in 0.00 ms.
Mono: successfully reloaded assembly
- Completed reload, in  0.712 seconds
Platform modules already initialized, skipping
Refreshing native plugins compatible for Editor in 0.96 ms, found 1 plugins.
Preloading 0 native plugins for Editor in 0.00 ms.
Unloading 1769 Unused Serialized files (Serialized files now loaded: 0)
System memory in use before: 110.7 MB.
System memory in use after: 110.7 MB.

Unloading 10 unused Assets to reduce memory usage. Loaded Objects now: 2401.
Total: 2.439400 ms (FindLiveObjects: 0.252300 ms CreateObjectMapping: 0.041600 ms MarkObjects: 2.013400 ms  DeleteObjects: 0.131000 ms)

========================================================================
Received Import Request.
  Time since last request: 885.943503 seconds.
  path: Assets/Enemies 1.prefab
  artifactKey: Guid(70336042f28f1c8499a3d038798c5c38) Importer(815301076,1909f56bfc062723c751e8b465ee728b)
Start importing Assets/Enemies 1.prefab using Guid(70336042f28f1c8499a3d038798c5c38) Importer(815301076,1909f56bfc062723c751e8b465ee728b)  -> (artifact id: 'c1e8f25c9f4ce3d9c93280c9f16ca510') in 0.150566 seconds
  Import took 0.154892 seconds .

========================================================================
Received Import Request.
  Time since last request: 0.000294 seconds.
  path: Assets/Enemy (1) 1.prefab
  artifactKey: Guid(7e0fe062e588b584bac85af410f59ee5) Importer(815301076,1909f56bfc062723c751e8b465ee728b)
Start importing Assets/Enemy (1) 1.prefab using Guid(7e0fe062e588b584bac85af410f59ee5) Importer(815301076,1909f56bfc062723c751e8b465ee728b)  -> (artifact id: '476cf6a81609abd9dd8de542f03d815c') in 0.027862 seconds
  Import took 0.031464 seconds .

========================================================================
Received Import Request.
  Time since last request: 0.000195 seconds.
  path: Assets/Enemies 3.prefab
  artifactKey: Guid(faa6ca67567cee440b0fbf5987afa581) Importer(815301076,1909f56bfc062723c751e8b465ee728b)
Start importing Assets/Enemies 3.prefab using Guid(faa6ca67567cee440b0fbf5987afa581) Importer(815301076,1909f56bfc062723c751e8b465ee728b)  -> (artifact id: 'cdd9a66f0b0bbb830e429626bcc2d9b5') in 0.026886 seconds
  Import took 0.030319 seconds .

========================================================================
Received Import Request.
  Time since last request: 0.000236 seconds.
  path: Assets/Enemies.prefab
  artifactKey: Guid(fb5bb524647d9994294d7a161ae2ceaa) Importer(815301076,1909f56bfc062723c751e8b465ee728b)
Start importing Assets/Enemies.prefab using Guid(fb5bb524647d9994294d7a161ae2ceaa) Importer(815301076,1909f56bfc062723c751e8b465ee728b)  -> (artifact id: '6351cc11513e7e2a79bce84fa5f71e5e') in 0.027763 seconds
  Import took 0.031887 seconds .

========================================================================
Received Import Request.
  Time since last request: 0.000200 seconds.
  path: Assets/Enemies 4.prefab
  artifactKey: Guid(7507a396e425b2f429dddd1b5fc97d1d) Importer(815301076,1909f56bfc062723c751e8b465ee728b)
Start importing Assets/Enemies 4.prefab using Guid(7507a396e425b2f429dddd1b5fc97d1d) Importer(815301076,1909f56bfc062723c751e8b465ee728b)  -> (artifact id: '2447c52182d38953892a1601a40ed44f') in 0.045874 seconds
  Import took 0.049614 seconds .

========================================================================
Received Import Request.
  Time since last request: 0.000218 seconds.
  path: Assets/Enemies 2.prefab
  artifactKey: Guid(834bccd32042a254e913af73874d1265) Importer(815301076,1909f56bfc062723c751e8b465ee728b)
Start importing Assets/Enemies 2.prefab using Guid(834bccd32042a254e913af73874d1265) Importer(815301076,1909f56bfc062723c751e8b465ee728b)  -> (artifact id: '85d7c3df9c873f57f53552b1ee8c2423') in 0.021887 seconds
  Import took 0.025497 seconds .

========================================================================
Received Import Request.
  Time since last request: 0.000241 seconds.
  path: Assets/Enemy (1).prefab
  artifactKey: Guid(ae91d19543c336b4eb42c32bad93e09c) Importer(815301076,1909f56bfc062723c751e8b465ee728b)
Start importing Assets/Enemy (1).prefab using Guid(ae91d19543c336b4eb42c32bad93e09c) Importer(815301076,1909f56bfc062723c751e8b465ee728b)  -> (artifact id: '57beae0e9d9bda7ad6c925d695309a6b') in 0.045118 seconds
  Import took 0.049013 seconds .

========================================================================
Received Prepare
Registering precompiled user dll's ...
Registered in 0.001845 seconds.
Begin MonoManager ReloadAssembly
Native extension for WindowsStandalone target not found
Refreshing native plugins compatible for Editor in 0.79 ms, found 1 plugins.
Preloading 0 native plugins for Editor in 0.00 ms.
Mono: successfully reloaded assembly
- Completed reload, in  0.723 seconds
Platform modules already initialized, skipping
Refreshing native plugins compatible for Editor in 1.12 ms, found 1 plugins.
Preloading 0 native plugins for Editor in 0.00 ms.
Unloading 1769 Unused Serialized files (Serialized files now loaded: 0)
System memory in use before: 110.9 MB.
System memory in use after: 110.9 MB.

Unloading 10 unused Assets to reduce memory usage. Loaded Objects now: 2407.
Total: 3.569900 ms (FindLiveObjects: 0.606000 ms CreateObjectMapping: 0.080600 ms MarkObjects: 2.736600 ms  DeleteObjects: 0.144400 ms)

========================================================================
Received Import Request.
  Time since last request: 30.199487 seconds.
  path: Assets/Enemies 1.prefab
  artifactKey: Guid(70336042f28f1c8499a3d038798c5c38) Importer(815301076,1909f56bfc062723c751e8b465ee728b)
Start importing Assets/Enemies 1.prefab using Guid(70336042f28f1c8499a3d038798c5c38) Importer(815301076,1909f56bfc062723c751e8b465ee728b)  -> (artifact id: 'e81fc88587512754d05f71b759f31518') in 0.127905 seconds
  Import took 0.132656 seconds .

========================================================================
Received Import Request.
  Time since last request: 0.000246 seconds.
  path: Assets/Enemy (1).prefab
  artifactKey: Guid(ae91d19543c336b4eb42c32bad93e09c) Importer(815301076,1909f56bfc062723c751e8b465ee728b)
Start importing Assets/Enemy (1).prefab using Guid(ae91d19543c336b4eb42c32bad93e09c) Importer(815301076,1909f56bfc062723c751e8b465ee728b)  -> (artifact id: '08e90e5eeac22f7f48fa228c06810b66') in 0.046341 seconds
  Import took 0.050370 seconds .

========================================================================
Received Import Request.
  Time since last request: 5.567383 seconds.
  path: Assets/Enemies 1.prefab
  artifactKey: Guid(70336042f28f1c8499a3d038798c5c38) Importer(815301076,1909f56bfc062723c751e8b465ee728b)
Start importing Assets/Enemies 1.prefab using Guid(70336042f28f1c8499a3d038798c5c38) Importer(815301076,1909f56bfc062723c751e8b465ee728b)  -> (artifact id: 'ce9e901dd4e98c9938879f790ecb7fad') in 0.040089 seconds
  Import took 0.044092 seconds .

========================================================================
Received Import Request.
  Time since last request: 0.000206 seconds.
  path: Assets/Enemy (1).prefab
  artifactKey: Guid(ae91d19543c336b4eb42c32bad93e09c) Importer(815301076,1909f56bfc062723c751e8b465ee728b)
Start importing Assets/Enemy (1).prefab using Guid(ae91d19543c336b4eb42c32bad93e09c) Importer(815301076,1909f56bfc062723c751e8b465ee728b)  -> (artifact id: '3bb33ee80a5d97b9634c0d2e1b8c7f8e') in 0.037091 seconds
  Import took 0.041134 seconds .

========================================================================
Received Import Request.
  Time since last request: 0.000216 seconds.
  path: Assets/Enemies 1.prefab
  artifactKey: Guid(70336042f28f1c8499a3d038798c5c38) Importer(815301076,1909f56bfc062723c751e8b465ee728b)
Start importing Assets/Enemies 1.prefab using Guid(70336042f28f1c8499a3d038798c5c38) Importer(815301076,1909f56bfc062723c751e8b465ee728b)  -> (artifact id: 'ce9e901dd4e98c9938879f790ecb7fad') in 0.038613 seconds
  Import took 0.042033 seconds .

========================================================================
Received Prepare
Registering precompiled user dll's ...
Registered in 0.001499 seconds.
Begin MonoManager ReloadAssembly
Native extension for WindowsStandalone target not found
Refreshing native plugins compatible for Editor in 0.59 ms, found 1 plugins.
Preloading 0 native plugins for Editor in 0.00 ms.
Mono: successfully reloaded assembly
- Completed reload, in  0.758 seconds
Platform modules already initialized, skipping
Refreshing native plugins compatible for Editor in 1.28 ms, found 1 plugins.
Preloading 0 native plugins for Editor in 0.00 ms.
Unloading 1769 Unused Serialized files (Serialized files now loaded: 0)
System memory in use before: 110.9 MB.
System memory in use after: 111.0 MB.

Unloading 10 unused Assets to reduce memory usage. Loaded Objects now: 2411.
Total: 2.956500 ms (FindLiveObjects: 0.534800 ms CreateObjectMapping: 0.062800 ms MarkObjects: 2.220400 ms  DeleteObjects: 0.137300 ms)

========================================================================
Received Prepare
Registering precompiled user dll's ...
Registered in 0.001240 seconds.
Begin MonoManager ReloadAssembly
Native extension for WindowsStandalone target not found
Refreshing native plugins compatible for Editor in 0.54 ms, found 1 plugins.
Preloading 0 native plugins for Editor in 0.00 ms.
Mono: successfully reloaded assembly
- Completed reload, in  0.710 seconds
Platform modules already initialized, skipping
Refreshing native plugins compatible for Editor in 0.99 ms, found 1 plugins.
Preloading 0 native plugins for Editor in 0.00 ms.
Unloading 1769 Unused Serialized files (Serialized files now loaded: 0)
System memory in use before: 110.9 MB.
System memory in use after: 111.0 MB.

Unloading 10 unused Assets to reduce memory usage. Loaded Objects now: 2414.
Total: 2.709800 ms (FindLiveObjects: 0.404800 ms CreateObjectMapping: 0.057900 ms MarkObjects: 2.120900 ms  DeleteObjects: 0.125300 ms)

========================================================================
Received Prepare
Registering precompiled user dll's ...
Registered in 0.001333 seconds.
Begin MonoManager ReloadAssembly
Native extension for WindowsStandalone target not found
Refreshing native plugins compatible for Editor in 0.54 ms, found 1 plugins.
Preloading 0 native plugins for Editor in 0.00 ms.
Mono: successfully reloaded assembly
- Completed reload, in  0.709 seconds
Platform modules already initialized, skipping
Refreshing native plugins compatible for Editor in 0.90 ms, found 1 plugins.
Preloading 0 native plugins for Editor in 0.00 ms.
Unloading 1769 Unused Serialized files (Serialized files now loaded: 0)
System memory in use before: 110.9 MB.
System memory in use after: 111.0 MB.

Unloading 10 unused Assets to reduce memory usage. Loaded Objects now: 2417.
Total: 2.294300 ms (FindLiveObjects: 0.372300 ms CreateObjectMapping: 0.056300 ms MarkObjects: 1.756400 ms  DeleteObjects: 0.107600 ms)

========================================================================
Received Prepare
Registering precompiled user dll's ...
Registered in 0.001425 seconds.
Begin MonoManager ReloadAssembly
Native extension for WindowsStandalone target not found
Refreshing native plugins compatible for Editor in 0.58 ms, found 1 plugins.
Preloading 0 native plugins for Editor in 0.00 ms.
Mono: successfully reloaded assembly
- Completed reload, in  0.728 seconds
Platform modules already initialized, skipping
Refreshing native plugins compatible for Editor in 1.01 ms, found 1 plugins.
Preloading 0 native plugins for Editor in 0.00 ms.
Unloading 1769 Unused Serialized files (Serialized files now loaded: 0)
System memory in use before: 110.9 MB.
System memory in use after: 111.0 MB.

Unloading 10 unused Assets to reduce memory usage. Loaded Objects now: 2420.
Total: 3.313100 ms (FindLiveObjects: 0.379200 ms CreateObjectMapping: 0.060100 ms MarkObjects: 2.726500 ms  DeleteObjects: 0.145400 ms)

========================================================================
Received Prepare
Registering precompiled user dll's ...
Registered in 0.001173 seconds.
Begin MonoManager ReloadAssembly
Native extension for WindowsStandalone target not found
Refreshing native plugins compatible for Editor in 0.54 ms, found 1 plugins.
Preloading 0 native plugins for Editor in 0.00 ms.
Mono: successfully reloaded assembly
- Completed reload, in  0.699 seconds
Platform modules already initialized, skipping
Refreshing native plugins compatible for Editor in 0.91 ms, found 1 plugins.
Preloading 0 native plugins for Editor in 0.00 ms.
Unloading 1769 Unused Serialized files (Serialized files now loaded: 0)
System memory in use before: 111.0 MB.
System memory in use after: 111.0 MB.

Unloading 10 unused Assets to reduce memory usage. Loaded Objects now: 2423.
Total: 2.132200 ms (FindLiveObjects: 0.336800 ms CreateObjectMapping: 0.057100 ms MarkObjects: 1.637800 ms  DeleteObjects: 0.099100 ms)

========================================================================
Received Prepare
Registering precompiled user dll's ...
Registered in 0.001236 seconds.
Begin MonoManager ReloadAssembly
Native extension for WindowsStandalone target not found
Refreshing native plugins compatible for Editor in 0.64 ms, found 1 plugins.
Preloading 0 native plugins for Editor in 0.00 ms.
Mono: successfully reloaded assembly
- Completed reload, in  0.744 seconds
Platform modules already initialized, skipping
Refreshing native plugins compatible for Editor in 1.18 ms, found 1 plugins.
Preloading 0 native plugins for Editor in 0.00 ms.
Unloading 1769 Unused Serialized files (Serialized files now loaded: 0)
System memory in use before: 111.0 MB.
System memory in use after: 111.0 MB.

Unloading 10 unused Assets to reduce memory usage. Loaded Objects now: 2426.
Total: 3.317000 ms (FindLiveObjects: 0.440600 ms CreateObjectMapping: 0.066100 ms MarkObjects: 2.612300 ms  DeleteObjects: 0.196300 ms)

========================================================================
Received Prepare
Registering precompiled user dll's ...
Registered in 0.001268 seconds.
Begin MonoManager ReloadAssembly
Native extension for WindowsStandalone target not found
Refreshing native plugins compatible for Editor in 0.54 ms, found 1 plugins.
Preloading 0 native plugins for Editor in 0.00 ms.
Mono: successfully reloaded assembly
- Completed reload, in  0.717 seconds
Platform modules already initialized, skipping
Refreshing native plugins compatible for Editor in 0.94 ms, found 1 plugins.
Preloading 0 native plugins for Editor in 0.00 ms.
Unloading 1769 Unused Serialized files (Serialized files now loaded: 0)
System memory in use before: 111.0 MB.
System memory in use after: 111.0 MB.

Unloading 10 unused Assets to reduce memory usage. Loaded Objects now: 2429.
Total: 2.295000 ms (FindLiveObjects: 0.333700 ms CreateObjectMapping: 0.057200 ms MarkObjects: 1.783700 ms  DeleteObjects: 0.119100 ms)

========================================================================
Received Prepare
Registering precompiled user dll's ...
Registered in 0.001283 seconds.
Begin MonoManager ReloadAssembly
Native extension for WindowsStandalone target not found
Refreshing native plugins compatible for Editor in 0.57 ms, found 1 plugins.
Preloading 0 native plugins for Editor in 0.00 ms.
Mono: successfully reloaded assembly
- Completed reload, in  0.718 seconds
Platform modules already initialized, skipping
Refreshing native plugins compatible for Editor in 1.01 ms, found 1 plugins.
Preloading 0 native plugins for Editor in 0.00 ms.
Unloading 1769 Unused Serialized files (Serialized files now loaded: 0)
System memory in use before: 111.0 MB.
System memory in use after: 111.0 MB.

Unloading 10 unused Assets to reduce memory usage. Loaded Objects now: 2432.
Total: 3.263300 ms (FindLiveObjects: 0.524100 ms CreateObjectMapping: 0.055500 ms MarkObjects: 2.542400 ms  DeleteObjects: 0.139400 ms)

========================================================================
Received Prepare
Registering precompiled user dll's ...
Registered in 0.001158 seconds.
Begin MonoManager ReloadAssembly
Native extension for WindowsStandalone target not found
Refreshing native plugins compatible for Editor in 0.55 ms, found 1 plugins.
Preloading 0 native plugins for Editor in 0.00 ms.
Mono: successfully reloaded assembly
- Completed reload, in  0.722 seconds
Platform modules already initialized, skipping
Refreshing native plugins compatible for Editor in 1.03 ms, found 1 plugins.
Preloading 0 native plugins for Editor in 0.00 ms.
Unloading 1769 Unused Serialized files (Serialized files now loaded: 0)
System memory in use before: 111.0 MB.
System memory in use after: 111.0 MB.

Unloading 10 unused Assets to reduce memory usage. Loaded Objects now: 2435.
Total: 2.176700 ms (FindLiveObjects: 0.312700 ms CreateObjectMapping: 0.064500 ms MarkObjects: 1.661300 ms  DeleteObjects: 0.137100 ms)

========================================================================
Received Prepare
Registering precompiled user dll's ...
Registered in 0.001249 seconds.
Begin MonoManager ReloadAssembly
Native extension for WindowsStandalone target not found
Refreshing native plugins compatible for Editor in 0.57 ms, found 1 plugins.
Preloading 0 native plugins for Editor in 0.00 ms.
Mono: successfully reloaded assembly
- Completed reload, in  0.712 seconds
Platform modules already initialized, skipping
Refreshing native plugins compatible for Editor in 1.17 ms, found 1 plugins.
Preloading 0 native plugins for Editor in 0.00 ms.
Unloading 1769 Unused Serialized files (Serialized files now loaded: 0)
System memory in use before: 111.0 MB.
System memory in use after: 111.0 MB.

Unloading 10 unused Assets to reduce memory usage. Loaded Objects now: 2438.
Total: 7.981100 ms (FindLiveObjects: 0.358700 ms CreateObjectMapping: 0.060200 ms MarkObjects: 7.279300 ms  DeleteObjects: 0.281400 ms)

========================================================================
Received Prepare
Registering precompiled user dll's ...
Registered in 0.001309 seconds.
Begin MonoManager ReloadAssembly
Native extension for WindowsStandalone target not found
Refreshing native plugins compatible for Editor in 0.56 ms, found 1 plugins.
Preloading 0 native plugins for Editor in 0.00 ms.
Mono: successfully reloaded assembly
- Completed reload, in  0.729 seconds
Platform modules already initialized, skipping
Refreshing native plugins compatible for Editor in 1.06 ms, found 1 plugins.
Preloading 0 native plugins for Editor in 0.00 ms.
Unloading 1769 Unused Serialized files (Serialized files now loaded: 0)
System memory in use before: 111.0 MB.
System memory in use after: 111.0 MB.

Unloading 10 unused Assets to reduce memory usage. Loaded Objects now: 2441.
Total: 2.178300 ms (FindLiveObjects: 0.366200 ms CreateObjectMapping: 0.058300 ms MarkObjects: 1.642100 ms  DeleteObjects: 0.110500 ms)

========================================================================
Received Prepare
Registering precompiled user dll's ...
Registered in 0.001277 seconds.
Begin MonoManager ReloadAssembly
Native extension for WindowsStandalone target not found
Refreshing native plugins compatible for Editor in 0.55 ms, found 1 plugins.
Preloading 0 native plugins for Editor in 0.00 ms.
Mono: successfully reloaded assembly
- Completed reload, in  0.701 seconds
Platform modules already initialized, skipping
Refreshing native plugins compatible for Editor in 0.97 ms, found 1 plugins.
Preloading 0 native plugins for Editor in 0.00 ms.
Unloading 1769 Unused Serialized files (Serialized files now loaded: 0)
System memory in use before: 111.0 MB.
System memory in use after: 111.0 MB.

Unloading 10 unused Assets to reduce memory usage. Loaded Objects now: 2444.
Total: 2.722900 ms (FindLiveObjects: 0.341800 ms CreateObjectMapping: 0.056500 ms MarkObjects: 2.198500 ms  DeleteObjects: 0.124600 ms)

========================================================================
Received Prepare
Registering precompiled user dll's ...
Registered in 0.001242 seconds.
Begin MonoManager ReloadAssembly
Native extension for WindowsStandalone target not found
Refreshing native plugins compatible for Editor in 0.79 ms, found 1 plugins.
Preloading 0 native plugins for Editor in 0.00 ms.
Mono: successfully reloaded assembly
- Completed reload, in  0.723 seconds
Platform modules already initialized, skipping
Refreshing native plugins compatible for Editor in 0.60 ms, found 1 plugins.
Preloading 0 native plugins for Editor in 0.00 ms.
Unloading 1769 Unused Serialized files (Serialized files now loaded: 0)
System memory in use before: 111.0 MB.
System memory in use after: 111.0 MB.

Unloading 10 unused Assets to reduce memory usage. Loaded Objects now: 2447.
Total: 2.876600 ms (FindLiveObjects: 0.328700 ms CreateObjectMapping: 0.059900 ms MarkObjects: 2.334900 ms  DeleteObjects: 0.150900 ms)

========================================================================
Received Prepare
Registering precompiled user dll's ...
Registered in 0.001180 seconds.
Begin MonoManager ReloadAssembly
Native extension for WindowsStandalone target not found
Refreshing native plugins compatible for Editor in 0.65 ms, found 1 plugins.
Preloading 0 native plugins for Editor in 0.00 ms.
Mono: successfully reloaded assembly
- Completed reload, in  0.738 seconds
Platform modules already initialized, skipping
Refreshing native plugins compatible for Editor in 1.04 ms, found 1 plugins.
Preloading 0 native plugins for Editor in 0.00 ms.
Unloading 1769 Unused Serialized files (Serialized files now loaded: 0)
System memory in use before: 111.0 MB.
System memory in use after: 111.0 MB.

Unloading 10 unused Assets to reduce memory usage. Loaded Objects now: 2450.
Total: 2.549500 ms (FindLiveObjects: 0.327600 ms CreateObjectMapping: 0.058900 ms MarkObjects: 2.045000 ms  DeleteObjects: 0.117000 ms)

========================================================================
Received Prepare
Registering precompiled user dll's ...
Registered in 0.001836 seconds.
Begin MonoManager ReloadAssembly
Native extension for WindowsStandalone target not found
Refreshing native plugins compatible for Editor in 0.56 ms, found 1 plugins.
Preloading 0 native plugins for Editor in 0.00 ms.
Mono: successfully reloaded assembly
- Completed reload, in  0.704 seconds
Platform modules already initialized, skipping
Refreshing native plugins compatible for Editor in 1.00 ms, found 1 plugins.
Preloading 0 native plugins for Editor in 0.00 ms.
Unloading 1769 Unused Serialized files (Serialized files now loaded: 0)
System memory in use before: 111.0 MB.
System memory in use after: 111.0 MB.

Unloading 10 unused Assets to reduce memory usage. Loaded Objects now: 2453.
Total: 2.191600 ms (FindLiveObjects: 0.307100 ms CreateObjectMapping: 0.046600 ms MarkObjects: 1.698700 ms  DeleteObjects: 0.137600 ms)

========================================================================
Received Prepare
Registering precompiled user dll's ...
Registered in 0.001244 seconds.
Begin MonoManager ReloadAssembly
Native extension for WindowsStandalone target not found
Refreshing native plugins compatible for Editor in 0.59 ms, found 1 plugins.
Preloading 0 native plugins for Editor in 0.00 ms.
Mono: successfully reloaded assembly
- Completed reload, in  0.707 seconds
Platform modules already initialized, skipping
Refreshing native plugins compatible for Editor in 1.02 ms, found 1 plugins.
Preloading 0 native plugins for Editor in 0.00 ms.
Unloading 1769 Unused Serialized files (Serialized files now loaded: 0)
System memory in use before: 111.0 MB.
System memory in use after: 111.0 MB.

Unloading 10 unused Assets to reduce memory usage. Loaded Objects now: 2456.
Total: 2.945500 ms (FindLiveObjects: 0.400600 ms CreateObjectMapping: 0.079600 ms MarkObjects: 2.324700 ms  DeleteObjects: 0.138700 ms)

========================================================================
Received Prepare
Registering precompiled user dll's ...
Registered in 0.001295 seconds.
Begin MonoManager ReloadAssembly
Native extension for WindowsStandalone target not found
Refreshing native plugins compatible for Editor in 0.58 ms, found 1 plugins.
Preloading 0 native plugins for Editor in 0.00 ms.
Mono: successfully reloaded assembly
- Completed reload, in  0.695 seconds
Platform modules already initialized, skipping
Refreshing native plugins compatible for Editor in 0.94 ms, found 1 plugins.
Preloading 0 native plugins for Editor in 0.00 ms.
Unloading 1769 Unused Serialized files (Serialized files now loaded: 0)
System memory in use before: 111.0 MB.
System memory in use after: 111.1 MB.

Unloading 10 unused Assets to reduce memory usage. Loaded Objects now: 2459.
Total: 2.248000 ms (FindLiveObjects: 0.362900 ms CreateObjectMapping: 0.057300 ms MarkObjects: 1.708100 ms  DeleteObjects: 0.118700 ms)

========================================================================
Received Import Request.
  Time since last request: 674.696622 seconds.
  path: Assets/Enemies 1.prefab
  artifactKey: Guid(70336042f28f1c8499a3d038798c5c38) Importer(815301076,1909f56bfc062723c751e8b465ee728b)
Start importing Assets/Enemies 1.prefab using Guid(70336042f28f1c8499a3d038798c5c38) Importer(815301076,1909f56bfc062723c751e8b465ee728b)  -> (artifact id: 'e9c7aaf538754bcba44644371c57570e') in 0.125858 seconds
  Import took 0.130781 seconds .

========================================================================
Received Import Request.
  Time since last request: 0.000202 seconds.
  path: Assets/Enemy (1).prefab
  artifactKey: Guid(ae91d19543c336b4eb42c32bad93e09c) Importer(815301076,1909f56bfc062723c751e8b465ee728b)
Start importing Assets/Enemy (1).prefab using Guid(ae91d19543c336b4eb42c32bad93e09c) Importer(815301076,1909f56bfc062723c751e8b465ee728b)  -> (artifact id: '65bdf23266a71dcb66c11e9b0c14fd43') in 0.036593 seconds
  Import took 0.040159 seconds .

========================================================================
Received Prepare
Registering precompiled user dll's ...
Registered in 0.001327 seconds.
Begin MonoManager ReloadAssembly
Native extension for WindowsStandalone target not found
Refreshing native plugins compatible for Editor in 0.54 ms, found 1 plugins.
Preloading 0 native plugins for Editor in 0.00 ms.
Mono: successfully reloaded assembly
- Completed reload, in  0.700 seconds
Platform modules already initialized, skipping
Refreshing native plugins compatible for Editor in 0.93 ms, found 1 plugins.
Preloading 0 native plugins for Editor in 0.00 ms.
Unloading 1769 Unused Serialized files (Serialized files now loaded: 0)
System memory in use before: 111.0 MB.
System memory in use after: 111.1 MB.

Unloading 10 unused Assets to reduce memory usage. Loaded Objects now: 2463.
Total: 2.478800 ms (FindLiveObjects: 0.403400 ms CreateObjectMapping: 0.056600 ms MarkObjects: 1.902500 ms  DeleteObjects: 0.114400 ms)

========================================================================
Received Import Request.
  Time since last request: 10.392564 seconds.
  path: Assets/Enemies 1.prefab
  artifactKey: Guid(70336042f28f1c8499a3d038798c5c38) Importer(815301076,1909f56bfc062723c751e8b465ee728b)
Start importing Assets/Enemies 1.prefab using Guid(70336042f28f1c8499a3d038798c5c38) Importer(815301076,1909f56bfc062723c751e8b465ee728b)  -> (artifact id: '6c5203691e470a3405eb2e1627829520') in 0.116431 seconds
  Import took 0.120464 seconds .

========================================================================
Received Import Request.
  Time since last request: 0.000195 seconds.
  path: Assets/Enemy (1).prefab
  artifactKey: Guid(ae91d19543c336b4eb42c32bad93e09c) Importer(815301076,1909f56bfc062723c751e8b465ee728b)
Start importing Assets/Enemy (1).prefab using Guid(ae91d19543c336b4eb42c32bad93e09c) Importer(815301076,1909f56bfc062723c751e8b465ee728b)  -> (artifact id: '070e8355d8385c18498e33921939dfcb') in 0.036700 seconds
  Import took 0.040409 seconds .

========================================================================
Received Prepare
Registering precompiled user dll's ...
Registered in 0.002027 seconds.
Begin MonoManager ReloadAssembly
Native extension for WindowsStandalone target not found
Refreshing native plugins compatible for Editor in 0.56 ms, found 1 plugins.
Preloading 0 native plugins for Editor in 0.00 ms.
Mono: successfully reloaded assembly
- Completed reload, in  0.689 seconds
Platform modules already initialized, skipping
Refreshing native plugins compatible for Editor in 0.90 ms, found 1 plugins.
Preloading 0 native plugins for Editor in 0.00 ms.
Unloading 1769 Unused Serialized files (Serialized files now loaded: 0)
System memory in use before: 111.0 MB.
System memory in use after: 111.1 MB.

Unloading 10 unused Assets to reduce memory usage. Loaded Objects now: 2467.
Total: 2.702100 ms (FindLiveObjects: 0.233900 ms CreateObjectMapping: 0.046300 ms MarkObjects: 2.275000 ms  DeleteObjects: 0.145200 ms)

========================================================================
Received Import Request.
  Time since last request: 299.261895 seconds.
  path: Assets/Graphics/Monsters Creatures Fantasy/Sprites/Flying eye/Die.anim
  artifactKey: Guid(6d321f247c836e84cbbb67feddd4115b) Importer(815301076,1909f56bfc062723c751e8b465ee728b)
Start importing Assets/Graphics/Monsters Creatures Fantasy/Sprites/Flying eye/Die.anim using Guid(6d321f247c836e84cbbb67feddd4115b) Importer(815301076,1909f56bfc062723c751e8b465ee728b)  -> (artifact id: '9a2286ee0f0c8026fb51007d5c6a3d5f') in 0.024501 seconds
  Import took 0.028289 seconds .

========================================================================
Received Prepare
Registering precompiled user dll's ...
Registered in 0.001143 seconds.
Begin MonoManager ReloadAssembly
Native extension for WindowsStandalone target not found
Refreshing native plugins compatible for Editor in 0.57 ms, found 1 plugins.
Preloading 0 native plugins for Editor in 0.00 ms.
Mono: successfully reloaded assembly
- Completed reload, in  0.715 seconds
Platform modules already initialized, skipping
Refreshing native plugins compatible for Editor in 0.99 ms, found 1 plugins.
Preloading 0 native plugins for Editor in 0.00 ms.
Unloading 1769 Unused Serialized files (Serialized files now loaded: 0)
System memory in use before: 111.0 MB.
System memory in use after: 111.1 MB.

Unloading 10 unused Assets to reduce memory usage. Loaded Objects now: 2470.
Total: 2.249200 ms (FindLiveObjects: 0.295000 ms CreateObjectMapping: 0.055300 ms MarkObjects: 1.787300 ms  DeleteObjects: 0.110200 ms)

========================================================================
Received Import Request.
  Time since last request: 33.723018 seconds.
  path: Assets/Graphics/Monsters Creatures Fantasy/Sprites/Flying eye/SpriteEnemy 1.controller
  artifactKey: Guid(f0b1f126ec1b04b43bfbdb86bbca23ad) Importer(815301076,1909f56bfc062723c751e8b465ee728b)
Start importing Assets/Graphics/Monsters Creatures Fantasy/Sprites/Flying eye/SpriteEnemy 1.controller using Guid(f0b1f126ec1b04b43bfbdb86bbca23ad) Importer(815301076,1909f56bfc062723c751e8b465ee728b)  -> (artifact id: '64688f96bef5b1d626b3c8b85735d8ae') in 0.012053 seconds
  Import took 0.015050 seconds .

AssetImportWorkerClient::OnTransportError - code=2 error=End of file
